Start testing: May 07 10:43 Hora est. Pacífico, Sudamérica
----------------------------------------------------------
18/31 Testing: semana4_public
18/31 Test: semana4_public
Command: "C:/Users/AXEL/OneDrive/Escritorio/uni/2026-1/AED/Repositorio/Personal/CC232/Libreria_cc232/build-debug/Semana4/sem4_test_public.exe"
Directory: C:/Users/AXEL/OneDrive/Escritorio/uni/2026-1/AED/Repositorio/Personal/CC232/Libreria_cc232/build-debug/Semana4
"semana4_public" start time: May 07 10:43 Hora est. Pacífico, Sudamérica
Output:
----------------------------------------------------------
<end of output>
Test time =   0.20 sec
----------------------------------------------------------
Test Passed.
"semana4_public" end time: May 07 10:43 Hora est. Pacífico, Sudamérica
"semana4_public" time elapsed: 00:00:00
----------------------------------------------------------

19/31 Testing: semana4_internal
19/31 Test: semana4_internal
Command: "C:/Users/AXEL/OneDrive/Escritorio/uni/2026-1/AED/Repositorio/Personal/CC232/Libreria_cc232/build-debug/Semana4/sem4_test_internal.exe"
Directory: C:/Users/AXEL/OneDrive/Escritorio/uni/2026-1/AED/Repositorio/Personal/CC232/Libreria_cc232/build-debug/Semana4
"semana4_internal" start time: May 07 10:43 Hora est. Pacífico, Sudamérica
Output:
----------------------------------------------------------
<end of output>
Test time =   0.20 sec
----------------------------------------------------------
Test Passed.
"semana4_internal" end time: May 07 10:43 Hora est. Pacífico, Sudamérica
"semana4_internal" time elapsed: 00:00:00
----------------------------------------------------------

End testing: May 07 10:43 Hora est. Pacífico, Sudamérica
